##############################################################
#          Arquivo de registro de eventos do Sistema         #
#                Created by: Kevin Marques                   #
##############################################################
AVISO: [19/03/2019 12:36] - As definições foram recarregadas forçadamente
AVISO: [19/03/2019 12:36] - Valor 'typedb' não encontrado nas configurações! Valor legado utilizado. Verifique suas Definições no arquivo de configurações!
AVISO: [19/03/2019 12:36] - As definições foram recarregadas forçadamente
AVISO: [19/03/2019 12:36] - Valor 'typedb' não encontrado nas configurações! Valor legado utilizado. Verifique suas Definições no arquivo de configurações!
AVISO: [19/03/2019 12:37] - As definições foram recarregadas forçadamente
AVISO: [19/03/2019 12:37] - Valor 'typedb' não encontrado nas configurações! Valor legado utilizado. Verifique suas Definições no arquivo de configurações!
AVISO: [19/03/2019 12:37] - As definições foram recarregadas forçadamente
AVISO: [19/03/2019 12:37] - Valor 'typedb' não encontrado nas configurações! Valor legado utilizado. Verifique suas Definições no arquivo de configurações!
AVISO: [19/03/2019 12:38] - As definições foram recarregadas forçadamente
AVISO: [19/03/2019 12:38] - Valor 'typedb' não encontrado nas configurações! Valor legado utilizado. Verifique suas Definições no arquivo de configurações!
AVISO: [19/03/2019 12:38] - As definições foram recarregadas forçadamente
AVISO: [19/03/2019 12:38] - Valor 'typedb' não encontrado nas configurações! Valor legado utilizado. Verifique suas Definições no arquivo de configurações!
AVISO: [19/03/2019 12:38] - As definições foram recarregadas forçadamente
AVISO: [19/03/2019 12:38] - Valor 'typedb' não encontrado nas configurações! Valor legado utilizado. Verifique suas Definições no arquivo de configurações!
AVISO: [19/03/2019 12:39] - As definições foram recarregadas forçadamente
AVISO: [19/03/2019 12:39] - Valor 'typedb' não encontrado nas configurações! Valor legado utilizado. Verifique suas Definições no arquivo de configurações!
AVISO: [19/03/2019 12:39] - As definições foram recarregadas forçadamente
AVISO: [19/03/2019 12:39] - Valor 'typedb' não encontrado nas configurações! Valor legado utilizado. Verifique suas Definições no arquivo de configurações!
AVISO: [19/03/2019 12:39] - As definições foram recarregadas forçadamente
AVISO: [19/03/2019 12:39] - Valor 'typedb' não encontrado nas configurações! Valor legado utilizado. Verifique suas Definições no arquivo de configurações!
AVISO: [19/03/2019 12:40] - As definições foram recarregadas forçadamente
AVISO: [19/03/2019 12:40] - Valor 'typedb' não encontrado nas configurações! Valor legado utilizado. Verifique suas Definições no arquivo de configurações!
AVISO: [19/03/2019 12:40] - As definições foram recarregadas forçadamente
AVISO: [19/03/2019 12:40] - Valor 'typedb' não encontrado nas configurações! Valor legado utilizado. Verifique suas Definições no arquivo de configurações!
AVISO: [19/03/2019 12:41] - As definições foram recarregadas forçadamente
AVISO: [19/03/2019 12:41] - Valor 'typedb' não encontrado nas configurações! Valor legado utilizado. Verifique suas Definições no arquivo de configurações!
AVISO: [19/03/2019 12:41] - As definições foram recarregadas forçadamente
AVISO: [19/03/2019 12:41] - Valor 'typedb' não encontrado nas configurações! Valor legado utilizado. Verifique suas Definições no arquivo de configurações!
AVISO: [19/03/2019 12:42] - As definições foram recarregadas forçadamente
AVISO: [19/03/2019 12:42] - Valor 'typedb' não encontrado nas configurações! Valor legado utilizado. Verifique suas Definições no arquivo de configurações!
AVISO: [19/03/2019 12:42] - As definições foram recarregadas forçadamente
AVISO: [19/03/2019 12:42] - Valor 'typedb' não encontrado nas configurações! Valor legado utilizado. Verifique suas Definições no arquivo de configurações!
AVISO: [19/03/2019 12:42] - As definições foram recarregadas forçadamente
AVISO: [19/03/2019 12:42] - Valor 'typedb' não encontrado nas configurações! Valor legado utilizado. Verifique suas Definições no arquivo de configurações!
AVISO: [19/03/2019 12:43] - As definições foram recarregadas forçadamente
AVISO: [19/03/2019 12:43] - Valor 'typedb' não encontrado nas configurações! Valor legado utilizado. Verifique suas Definições no arquivo de configurações!
AVISO: [19/03/2019 12:45] - As definições foram recarregadas forçadamente
AVISO: [19/03/2019 12:45] - Valor 'typedb' não encontrado nas configurações! Valor legado utilizado. Verifique suas Definições no arquivo de configurações!
AVISO: [19/03/2019 12:45] - As definições foram recarregadas forçadamente
AVISO: [19/03/2019 12:45] - Valor 'typedb' não encontrado nas configurações! Valor legado utilizado. Verifique suas Definições no arquivo de configurações!
AVISO: [19/03/2019 12:45] - As definições foram recarregadas forçadamente
AVISO: [19/03/2019 12:45] - Valor 'typedb' não encontrado nas configurações! Valor legado utilizado. Verifique suas Definições no arquivo de configurações!
AVISO: [19/03/2019 12:45] - As definições foram recarregadas forçadamente
AVISO: [19/03/2019 12:45] - Valor 'typedb' não encontrado nas configurações! Valor legado utilizado. Verifique suas Definições no arquivo de configurações!
AVISO: [19/03/2019 12:45] - As definições foram recarregadas forçadamente
AVISO: [19/03/2019 12:45] - Valor 'typedb' não encontrado nas configurações! Valor legado utilizado. Verifique suas Definições no arquivo de configurações!
AVISO: [19/03/2019 12:45] - As definições foram recarregadas forçadamente
AVISO: [19/03/2019 12:45] - Valor 'typedb' não encontrado nas configurações! Valor legado utilizado. Verifique suas Definições no arquivo de configurações!
AVISO: [19/03/2019 12:45] - As definições foram recarregadas forçadamente
AVISO: [19/03/2019 12:45] - Valor 'typedb' não encontrado nas configurações! Valor legado utilizado. Verifique suas Definições no arquivo de configurações!
AVISO: [19/03/2019 12:45] - As definições foram recarregadas forçadamente
AVISO: [19/03/2019 12:45] - Valor 'typedb' não encontrado nas configurações! Valor legado utilizado. Verifique suas Definições no arquivo de configurações!
AVISO: [19/03/2019 12:46] - As definições foram recarregadas forçadamente
AVISO: [19/03/2019 12:46] - Valor 'typedb' não encontrado nas configurações! Valor legado utilizado. Verifique suas Definições no arquivo de configurações!
AVISO: [19/03/2019 12:46] - As definições foram recarregadas forçadamente
AVISO: [19/03/2019 12:46] - Valor 'typedb' não encontrado nas configurações! Valor legado utilizado. Verifique suas Definições no arquivo de configurações!
AVISO: [19/03/2019 12:46] - As definições foram recarregadas forçadamente
AVISO: [19/03/2019 12:46] - Valor 'typedb' não encontrado nas configurações! Valor legado utilizado. Verifique suas Definições no arquivo de configurações!
AVISO: [19/03/2019 12:46] - As definições foram recarregadas forçadamente
AVISO: [19/03/2019 12:46] - Valor 'typedb' não encontrado nas configurações! Valor legado utilizado. Verifique suas Definições no arquivo de configurações!
AVISO: [19/03/2019 12:46] - As definições foram recarregadas forçadamente
AVISO: [19/03/2019 12:46] - Valor 'typedb' não encontrado nas configurações! Valor legado utilizado. Verifique suas Definições no arquivo de configurações!
AVISO: [19/03/2019 12:46] - As definições foram recarregadas forçadamente
AVISO: [19/03/2019 12:46] - Valor 'typedb' não encontrado nas configurações! Valor legado utilizado. Verifique suas Definições no arquivo de configurações!
AVISO: [19/03/2019 12:46] - As definições foram recarregadas forçadamente
AVISO: [19/03/2019 12:46] - Valor 'typedb' não encontrado nas configurações! Valor legado utilizado. Verifique suas Definições no arquivo de configurações!
AVISO: [19/03/2019 12:47] - As definições foram recarregadas forçadamente
AVISO: [19/03/2019 12:47] - Valor 'typedb' não encontrado nas configurações! Valor legado utilizado. Verifique suas Definições no arquivo de configurações!
AVISO: [19/03/2019 12:47] - As definições foram recarregadas forçadamente
AVISO: [19/03/2019 12:47] - Valor 'typedb' não encontrado nas configurações! Valor legado utilizado. Verifique suas Definições no arquivo de configurações!
AVISO: [19/03/2019 12:47] - As definições foram recarregadas forçadamente
AVISO: [19/03/2019 12:47] - Valor 'typedb' não encontrado nas configurações! Valor legado utilizado. Verifique suas Definições no arquivo de configurações!
AVISO: [19/03/2019 12:47] - As definições foram recarregadas forçadamente
AVISO: [19/03/2019 12:47] - Valor 'typedb' não encontrado nas configurações! Valor legado utilizado. Verifique suas Definições no arquivo de configurações!
AVISO: [19/03/2019 12:47] - As definições foram recarregadas forçadamente
AVISO: [19/03/2019 12:47] - Valor 'typedb' não encontrado nas configurações! Valor legado utilizado. Verifique suas Definições no arquivo de configurações!
AVISO: [19/03/2019 12:47] - As definições foram recarregadas forçadamente
AVISO: [19/03/2019 12:47] - Valor 'typedb' não encontrado nas configurações! Valor legado utilizado. Verifique suas Definições no arquivo de configurações!
AVISO: [19/03/2019 12:47] - As definições foram recarregadas forçadamente
AVISO: [19/03/2019 12:47] - Valor 'typedb' não encontrado nas configurações! Valor legado utilizado. Verifique suas Definições no arquivo de configurações!
AVISO: [19/03/2019 12:47] - As definições foram recarregadas forçadamente
AVISO: [19/03/2019 12:47] - Valor 'typedb' não encontrado nas configurações! Valor legado utilizado. Verifique suas Definições no arquivo de configurações!
AVISO: [19/03/2019 12:47] - As definições foram recarregadas forçadamente
AVISO: [19/03/2019 12:47] - Valor 'typedb' não encontrado nas configurações! Valor legado utilizado. Verifique suas Definições no arquivo de configurações!
AVISO: [19/03/2019 12:47] - As definições foram recarregadas forçadamente
AVISO: [19/03/2019 12:47] - Valor 'typedb' não encontrado nas configurações! Valor legado utilizado. Verifique suas Definições no arquivo de configurações!
AVISO: [19/03/2019 12:48] - As definições foram recarregadas forçadamente
AVISO: [19/03/2019 12:48] - Valor 'typedb' não encontrado nas configurações! Valor legado utilizado. Verifique suas Definições no arquivo de configurações!
AVISO: [19/03/2019 12:48] - As definições foram recarregadas forçadamente
AVISO: [19/03/2019 12:48] - Valor 'typedb' não encontrado nas configurações! Valor legado utilizado. Verifique suas Definições no arquivo de configurações!
AVISO: [19/03/2019 12:48] - As definições foram recarregadas forçadamente
AVISO: [19/03/2019 12:48] - Valor 'typedb' não encontrado nas configurações! Valor legado utilizado. Verifique suas Definições no arquivo de configurações!
AVISO: [19/03/2019 12:49] - As definições foram recarregadas forçadamente
AVISO: [19/03/2019 12:49] - Valor 'typedb' não encontrado nas configurações! Valor legado utilizado. Verifique suas Definições no arquivo de configurações!
AVISO: [19/03/2019 12:49] - As definições foram recarregadas forçadamente
AVISO: [19/03/2019 12:49] - Valor 'typedb' não encontrado nas configurações! Valor legado utilizado. Verifique suas Definições no arquivo de configurações!
AVISO: [19/03/2019 12:49] - As definições foram recarregadas forçadamente
AVISO: [19/03/2019 12:49] - Valor 'typedb' não encontrado nas configurações! Valor legado utilizado. Verifique suas Definições no arquivo de configurações!
AVISO: [19/03/2019 12:49] - As definições foram recarregadas forçadamente
AVISO: [19/03/2019 12:49] - Valor 'typedb' não encontrado nas configurações! Valor legado utilizado. Verifique suas Definições no arquivo de configurações!
AVISO: [19/03/2019 12:49] - As definições foram recarregadas forçadamente
AVISO: [19/03/2019 12:49] - Valor 'typedb' não encontrado nas configurações! Valor legado utilizado. Verifique suas Definições no arquivo de configurações!
AVISO: [19/03/2019 12:49] - As definições foram recarregadas forçadamente
AVISO: [19/03/2019 12:49] - Valor 'typedb' não encontrado nas configurações! Valor legado utilizado. Verifique suas Definições no arquivo de configurações!
AVISO: [19/03/2019 12:50] - As definições foram recarregadas forçadamente
AVISO: [19/03/2019 12:50] - Valor 'typedb' não encontrado nas configurações! Valor legado utilizado. Verifique suas Definições no arquivo de configurações!
AVISO: [19/03/2019 12:50] - As definições foram recarregadas forçadamente
AVISO: [19/03/2019 12:50] - Valor 'typedb' não encontrado nas configurações! Valor legado utilizado. Verifique suas Definições no arquivo de configurações!
AVISO: [19/03/2019 12:50] - As definições foram recarregadas forçadamente
AVISO: [19/03/2019 12:50] - Valor 'typedb' não encontrado nas configurações! Valor legado utilizado. Verifique suas Definições no arquivo de configurações!
AVISO: [19/03/2019 12:50] - As definições foram recarregadas forçadamente
AVISO: [19/03/2019 12:50] - Valor 'typedb' não encontrado nas configurações! Valor legado utilizado. Verifique suas Definições no arquivo de configurações!
AVISO: [19/03/2019 12:51] - As definições foram recarregadas forçadamente
AVISO: [19/03/2019 12:51] - Valor 'typedb' não encontrado nas configurações! Valor legado utilizado. Verifique suas Definições no arquivo de configurações!
AVISO: [19/03/2019 12:51] - As definições foram recarregadas forçadamente
AVISO: [19/03/2019 12:51] - Valor 'typedb' não encontrado nas configurações! Valor legado utilizado. Verifique suas Definições no arquivo de configurações!
AVISO: [19/03/2019 12:51] - As definições foram recarregadas forçadamente
AVISO: [19/03/2019 12:51] - Valor 'typedb' não encontrado nas configurações! Valor legado utilizado. Verifique suas Definições no arquivo de configurações!
AVISO: [19/03/2019 12:51] - As definições foram recarregadas forçadamente
AVISO: [19/03/2019 12:51] - Valor 'typedb' não encontrado nas configurações! Valor legado utilizado. Verifique suas Definições no arquivo de configurações!
AVISO: [19/03/2019 12:51] - As definições foram recarregadas forçadamente
AVISO: [19/03/2019 12:51] - Valor 'typedb' não encontrado nas configurações! Valor legado utilizado. Verifique suas Definições no arquivo de configurações!
AVISO: [19/03/2019 12:52] - As definições foram recarregadas forçadamente
AVISO: [19/03/2019 12:52] - Valor 'typedb' não encontrado nas configurações! Valor legado utilizado. Verifique suas Definições no arquivo de configurações!
AVISO: [19/03/2019 12:52] - As definições foram recarregadas forçadamente
AVISO: [19/03/2019 12:52] - Valor 'typedb' não encontrado nas configurações! Valor legado utilizado. Verifique suas Definições no arquivo de configurações!
AVISO: [19/03/2019 12:52] - As definições foram recarregadas forçadamente
AVISO: [19/03/2019 12:52] - Valor 'typedb' não encontrado nas configurações! Valor legado utilizado. Verifique suas Definições no arquivo de configurações!
AVISO: [19/03/2019 12:52] - As definições foram recarregadas forçadamente
AVISO: [19/03/2019 12:52] - Valor 'typedb' não encontrado nas configurações! Valor legado utilizado. Verifique suas Definições no arquivo de configurações!
AVISO: [19/03/2019 12:52] - As definições foram recarregadas forçadamente
AVISO: [19/03/2019 12:52] - Valor 'typedb' não encontrado nas configurações! Valor legado utilizado. Verifique suas Definições no arquivo de configurações!
AVISO: [19/03/2019 12:52] - As definições foram recarregadas forçadamente
AVISO: [19/03/2019 12:52] - Valor 'typedb' não encontrado nas configurações! Valor legado utilizado. Verifique suas Definições no arquivo de configurações!
AVISO: [19/03/2019 12:52] - As definições foram recarregadas forçadamente
AVISO: [19/03/2019 12:52] - Valor 'typedb' não encontrado nas configurações! Valor legado utilizado. Verifique suas Definições no arquivo de configurações!
AVISO: [19/03/2019 12:52] - As definições foram recarregadas forçadamente
AVISO: [19/03/2019 12:52] - Valor 'typedb' não encontrado nas configurações! Valor legado utilizado. Verifique suas Definições no arquivo de configurações!
AVISO: [19/03/2019 12:52] - As definições foram recarregadas forçadamente
AVISO: [19/03/2019 12:52] - Valor 'typedb' não encontrado nas configurações! Valor legado utilizado. Verifique suas Definições no arquivo de configurações!
AVISO: [19/03/2019 12:52] - As definições foram recarregadas forçadamente
AVISO: [19/03/2019 12:52] - Valor 'typedb' não encontrado nas configurações! Valor legado utilizado. Verifique suas Definições no arquivo de configurações!
AVISO: [19/03/2019 12:52] - As definições foram recarregadas forçadamente
AVISO: [19/03/2019 12:52] - Valor 'typedb' não encontrado nas configurações! Valor legado utilizado. Verifique suas Definições no arquivo de configurações!
AVISO: [19/03/2019 12:52] - As definições foram recarregadas forçadamente
AVISO: [19/03/2019 12:52] - Valor 'typedb' não encontrado nas configurações! Valor legado utilizado. Verifique suas Definições no arquivo de configurações!
AVISO: [19/03/2019 12:52] - As definições foram recarregadas forçadamente
AVISO: [19/03/2019 12:52] - Valor 'typedb' não encontrado nas configurações! Valor legado utilizado. Verifique suas Definições no arquivo de configurações!
AVISO: [19/03/2019 12:52] - As definições foram recarregadas forçadamente
AVISO: [19/03/2019 12:52] - Valor 'typedb' não encontrado nas configurações! Valor legado utilizado. Verifique suas Definições no arquivo de configurações!
AVISO: [19/03/2019 12:52] - As definições foram recarregadas forçadamente
AVISO: [19/03/2019 12:52] - Valor 'typedb' não encontrado nas configurações! Valor legado utilizado. Verifique suas Definições no arquivo de configurações!
AVISO: [19/03/2019 12:53] - As definições foram recarregadas forçadamente
AVISO: [19/03/2019 12:53] - Valor 'typedb' não encontrado nas configurações! Valor legado utilizado. Verifique suas Definições no arquivo de configurações!
AVISO: [19/03/2019 12:53] - As definições foram recarregadas forçadamente
AVISO: [19/03/2019 12:53] - Valor 'typedb' não encontrado nas configurações! Valor legado utilizado. Verifique suas Definições no arquivo de configurações!
AVISO: [19/03/2019 12:53] - As definições foram recarregadas forçadamente
AVISO: [19/03/2019 12:53] - Valor 'typedb' não encontrado nas configurações! Valor legado utilizado. Verifique suas Definições no arquivo de configurações!
AVISO: [19/03/2019 12:53] - As definições foram recarregadas forçadamente
AVISO: [19/03/2019 12:53] - Valor 'typedb' não encontrado nas configurações! Valor legado utilizado. Verifique suas Definições no arquivo de configurações!
AVISO: [19/03/2019 12:53] - As definições foram recarregadas forçadamente
AVISO: [19/03/2019 12:53] - Valor 'typedb' não encontrado nas configurações! Valor legado utilizado. Verifique suas Definições no arquivo de configurações!
AVISO: [19/03/2019 12:54] - As definições foram recarregadas forçadamente
AVISO: [19/03/2019 12:54] - Valor 'typedb' não encontrado nas configurações! Valor legado utilizado. Verifique suas Definições no arquivo de configurações!
AVISO: [19/03/2019 12:54] - As definições foram recarregadas forçadamente
AVISO: [19/03/2019 12:54] - Valor 'typedb' não encontrado nas configurações! Valor legado utilizado. Verifique suas Definições no arquivo de configurações!
AVISO: [19/03/2019 12:54] - As definições foram recarregadas forçadamente
AVISO: [19/03/2019 12:54] - Valor 'typedb' não encontrado nas configurações! Valor legado utilizado. Verifique suas Definições no arquivo de configurações!
AVISO: [19/03/2019 12:54] - As definições foram recarregadas forçadamente
AVISO: [19/03/2019 12:54] - Valor 'typedb' não encontrado nas configurações! Valor legado utilizado. Verifique suas Definições no arquivo de configurações!
AVISO: [19/03/2019 12:54] - As definições foram recarregadas forçadamente
AVISO: [19/03/2019 12:54] - Valor 'typedb' não encontrado nas configurações! Valor legado utilizado. Verifique suas Definições no arquivo de configurações!
AVISO: [19/03/2019 12:54] - As definições foram recarregadas forçadamente
AVISO: [19/03/2019 12:54] - Valor 'typedb' não encontrado nas configurações! Valor legado utilizado. Verifique suas Definições no arquivo de configurações!
AVISO: [19/03/2019 12:54] - As definições foram recarregadas forçadamente
AVISO: [19/03/2019 12:54] - Valor 'typedb' não encontrado nas configurações! Valor legado utilizado. Verifique suas Definições no arquivo de configurações!
AVISO: [19/03/2019 12:54] - As definições foram recarregadas forçadamente
AVISO: [19/03/2019 12:54] - Valor 'typedb' não encontrado nas configurações! Valor legado utilizado. Verifique suas Definições no arquivo de configurações!
AVISO: [19/03/2019 12:54] - As definições foram recarregadas forçadamente
AVISO: [19/03/2019 12:54] - Valor 'typedb' não encontrado nas configurações! Valor legado utilizado. Verifique suas Definições no arquivo de configurações!
AVISO: [19/03/2019 12:54] - As definições foram recarregadas forçadamente
AVISO: [19/03/2019 12:54] - Valor 'typedb' não encontrado nas configurações! Valor legado utilizado. Verifique suas Definições no arquivo de configurações!
AVISO: [19/03/2019 12:54] - As definições foram recarregadas forçadamente
AVISO: [19/03/2019 12:54] - Valor 'typedb' não encontrado nas configurações! Valor legado utilizado. Verifique suas Definições no arquivo de configurações!
AVISO: [19/03/2019 12:54] - As definições foram recarregadas forçadamente
AVISO: [19/03/2019 12:54] - Valor 'typedb' não encontrado nas configurações! Valor legado utilizado. Verifique suas Definições no arquivo de configurações!
AVISO: [19/03/2019 12:54] - As definições foram recarregadas forçadamente
AVISO: [19/03/2019 12:54] - Valor 'typedb' não encontrado nas configurações! Valor legado utilizado. Verifique suas Definições no arquivo de configurações!
AVISO: [19/03/2019 12:55] - As definições foram recarregadas forçadamente
AVISO: [19/03/2019 12:55] - Valor 'typedb' não encontrado nas configurações! Valor legado utilizado. Verifique suas Definições no arquivo de configurações!
AVISO: [19/03/2019 12:55] - As definições foram recarregadas forçadamente
AVISO: [19/03/2019 12:55] - Valor 'typedb' não encontrado nas configurações! Valor legado utilizado. Verifique suas Definições no arquivo de configurações!
AVISO: [19/03/2019 12:55] - As definições foram recarregadas forçadamente
AVISO: [19/03/2019 12:55] - Valor 'typedb' não encontrado nas configurações! Valor legado utilizado. Verifique suas Definições no arquivo de configurações!
AVISO: [19/03/2019 12:55] - As definições foram recarregadas forçadamente
AVISO: [19/03/2019 12:55] - Valor 'typedb' não encontrado nas configurações! Valor legado utilizado. Verifique suas Definições no arquivo de configurações!
AVISO: [19/03/2019 12:55] - As definições foram recarregadas forçadamente
AVISO: [19/03/2019 12:55] - Valor 'typedb' não encontrado nas configurações! Valor legado utilizado. Verifique suas Definições no arquivo de configurações!
AVISO: [19/03/2019 12:55] - As definições foram recarregadas forçadamente
AVISO: [19/03/2019 12:55] - Valor 'typedb' não encontrado nas configurações! Valor legado utilizado. Verifique suas Definições no arquivo de configurações!
AVISO: [19/03/2019 12:55] - As definições foram recarregadas forçadamente
AVISO: [19/03/2019 12:55] - Valor 'typedb' não encontrado nas configurações! Valor legado utilizado. Verifique suas Definições no arquivo de configurações!
AVISO: [19/03/2019 12:55] - As definições foram recarregadas forçadamente
AVISO: [19/03/2019 12:55] - Valor 'typedb' não encontrado nas configurações! Valor legado utilizado. Verifique suas Definições no arquivo de configurações!
AVISO: [19/03/2019 12:55] - As definições foram recarregadas forçadamente
AVISO: [19/03/2019 12:55] - Valor 'typedb' não encontrado nas configurações! Valor legado utilizado. Verifique suas Definições no arquivo de configurações!
AVISO: [19/03/2019 12:55] - As definições foram recarregadas forçadamente
AVISO: [19/03/2019 12:55] - Valor 'typedb' não encontrado nas configurações! Valor legado utilizado. Verifique suas Definições no arquivo de configurações!
AVISO: [19/03/2019 12:55] - As definições foram recarregadas forçadamente
AVISO: [19/03/2019 12:55] - Valor 'typedb' não encontrado nas configurações! Valor legado utilizado. Verifique suas Definições no arquivo de configurações!
AVISO: [19/03/2019 12:55] - As definições foram recarregadas forçadamente
AVISO: [19/03/2019 12:55] - Valor 'typedb' não encontrado nas configurações! Valor legado utilizado. Verifique suas Definições no arquivo de configurações!
AVISO: [19/03/2019 12:55] - As definições foram recarregadas forçadamente
AVISO: [19/03/2019 12:55] - Valor 'typedb' não encontrado nas configurações! Valor legado utilizado. Verifique suas Definições no arquivo de configurações!
AVISO: [19/03/2019 12:55] - As definições foram recarregadas forçadamente
AVISO: [19/03/2019 12:55] - Valor 'typedb' não encontrado nas configurações! Valor legado utilizado. Verifique suas Definições no arquivo de configurações!
AVISO: [19/03/2019 12:56] - As definições foram recarregadas forçadamente
AVISO: [19/03/2019 12:56] - Valor 'typedb' não encontrado nas configurações! Valor legado utilizado. Verifique suas Definições no arquivo de configurações!
AVISO: [19/03/2019 12:56] - As definições foram recarregadas forçadamente
AVISO: [19/03/2019 12:56] - Valor 'typedb' não encontrado nas configurações! Valor legado utilizado. Verifique suas Definições no arquivo de configurações!
AVISO: [19/03/2019 12:56] - As definições foram recarregadas forçadamente
AVISO: [19/03/2019 12:56] - Valor 'typedb' não encontrado nas configurações! Valor legado utilizado. Verifique suas Definições no arquivo de configurações!
AVISO: [19/03/2019 12:56] - As definições foram recarregadas forçadamente
AVISO: [19/03/2019 12:56] - Valor 'typedb' não encontrado nas configurações! Valor legado utilizado. Verifique suas Definições no arquivo de configurações!
AVISO: [19/03/2019 12:57] - As definições foram recarregadas forçadamente
AVISO: [19/03/2019 12:57] - Valor 'typedb' não encontrado nas configurações! Valor legado utilizado. Verifique suas Definições no arquivo de configurações!
AVISO: [19/03/2019 12:57] - As definições foram recarregadas forçadamente
AVISO: [19/03/2019 12:57] - Valor 'typedb' não encontrado nas configurações! Valor legado utilizado. Verifique suas Definições no arquivo de configurações!
AVISO: [19/03/2019 12:58] - As definições foram recarregadas forçadamente
AVISO: [19/03/2019 12:58] - Valor 'typedb' não encontrado nas configurações! Valor legado utilizado. Verifique suas Definições no arquivo de configurações!
AVISO: [19/03/2019 12:58] - As definições foram recarregadas forçadamente
AVISO: [19/03/2019 12:58] - Valor 'typedb' não encontrado nas configurações! Valor legado utilizado. Verifique suas Definições no arquivo de configurações!
AVISO: [19/03/2019 12:58] - As definições foram recarregadas forçadamente
AVISO: [19/03/2019 12:58] - Valor 'typedb' não encontrado nas configurações! Valor legado utilizado. Verifique suas Definições no arquivo de configurações!
AVISO: [19/03/2019 12:58] - As definições foram recarregadas forçadamente
AVISO: [19/03/2019 12:58] - Valor 'typedb' não encontrado nas configurações! Valor legado utilizado. Verifique suas Definições no arquivo de configurações!
AVISO: [19/03/2019 12:58] - As definições foram recarregadas forçadamente
AVISO: [19/03/2019 12:58] - Valor 'typedb' não encontrado nas configurações! Valor legado utilizado. Verifique suas Definições no arquivo de configurações!
AVISO: [19/03/2019 12:58] - As definições foram recarregadas forçadamente
AVISO: [19/03/2019 12:58] - Valor 'typedb' não encontrado nas configurações! Valor legado utilizado. Verifique suas Definições no arquivo de configurações!
AVISO: [19/03/2019 12:58] - As definições foram recarregadas forçadamente
AVISO: [19/03/2019 12:58] - Valor 'typedb' não encontrado nas configurações! Valor legado utilizado. Verifique suas Definições no arquivo de configurações!
AVISO: [19/03/2019 12:58] - As definições foram recarregadas forçadamente
AVISO: [19/03/2019 12:58] - Valor 'typedb' não encontrado nas configurações! Valor legado utilizado. Verifique suas Definições no arquivo de configurações!
AVISO: [19/03/2019 12:58] - As definições foram recarregadas forçadamente
AVISO: [19/03/2019 12:58] - Valor 'typedb' não encontrado nas configurações! Valor legado utilizado. Verifique suas Definições no arquivo de configurações!
AVISO: [19/03/2019 12:58] - As definições foram recarregadas forçadamente
AVISO: [19/03/2019 12:58] - Valor 'typedb' não encontrado nas configurações! Valor legado utilizado. Verifique suas Definições no arquivo de configurações!
AVISO: [19/03/2019 12:58] - As definições foram recarregadas forçadamente
AVISO: [19/03/2019 12:58] - Valor 'typedb' não encontrado nas configurações! Valor legado utilizado. Verifique suas Definições no arquivo de configurações!
AVISO: [19/03/2019 12:59] - As definições foram recarregadas forçadamente
AVISO: [19/03/2019 12:59] - Valor 'typedb' não encontrado nas configurações! Valor legado utilizado. Verifique suas Definições no arquivo de configurações!
AVISO: [19/03/2019 12:59] - As definições foram recarregadas forçadamente
AVISO: [19/03/2019 12:59] - Valor 'typedb' não encontrado nas configurações! Valor legado utilizado. Verifique suas Definições no arquivo de configurações!
AVISO: [19/03/2019 12:59] - As definições foram recarregadas forçadamente
AVISO: [19/03/2019 12:59] - Valor 'typedb' não encontrado nas configurações! Valor legado utilizado. Verifique suas Definições no arquivo de configurações!
AVISO: [19/03/2019 12:59] - As definições foram recarregadas forçadamente
AVISO: [19/03/2019 12:59] - Valor 'typedb' não encontrado nas configurações! Valor legado utilizado. Verifique suas Definições no arquivo de configurações!
AVISO: [19/03/2019 12:59] - As definições foram recarregadas forçadamente
AVISO: [19/03/2019 12:59] - Valor 'typedb' não encontrado nas configurações! Valor legado utilizado. Verifique suas Definições no arquivo de configurações!
AVISO: [19/03/2019 12:59] - As definições foram recarregadas forçadamente
AVISO: [19/03/2019 12:59] - Valor 'typedb' não encontrado nas configurações! Valor legado utilizado. Verifique suas Definições no arquivo de configurações!
AVISO: [19/03/2019 12:59] - As definições foram recarregadas forçadamente
AVISO: [19/03/2019 12:59] - Valor 'typedb' não encontrado nas configurações! Valor legado utilizado. Verifique suas Definições no arquivo de configurações!
AVISO: [19/03/2019 01:00] - As definições foram recarregadas forçadamente
AVISO: [19/03/2019 01:00] - Valor 'typedb' não encontrado nas configurações! Valor legado utilizado. Verifique suas Definições no arquivo de configurações!
AVISO: [19/03/2019 01:00] - As definições foram recarregadas forçadamente
AVISO: [19/03/2019 01:00] - Valor 'typedb' não encontrado nas configurações! Valor legado utilizado. Verifique suas Definições no arquivo de configurações!
AVISO: [19/03/2019 01:00] - As definições foram recarregadas forçadamente
AVISO: [19/03/2019 01:00] - Valor 'typedb' não encontrado nas configurações! Valor legado utilizado. Verifique suas Definições no arquivo de configurações!
AVISO: [19/03/2019 01:00] - As definições foram recarregadas forçadamente
AVISO: [19/03/2019 01:00] - Valor 'typedb' não encontrado nas configurações! Valor legado utilizado. Verifique suas Definições no arquivo de configurações!
AVISO: [19/03/2019 01:01] - As definições foram recarregadas forçadamente
AVISO: [19/03/2019 01:01] - Valor 'typedb' não encontrado nas configurações! Valor legado utilizado. Verifique suas Definições no arquivo de configurações!
AVISO: [19/03/2019 01:01] - As definições foram recarregadas forçadamente
AVISO: [19/03/2019 01:01] - Valor 'typedb' não encontrado nas configurações! Valor legado utilizado. Verifique suas Definições no arquivo de configurações!
AVISO: [19/03/2019 01:01] - As definições foram recarregadas forçadamente
AVISO: [19/03/2019 01:01] - Valor 'typedb' não encontrado nas configurações! Valor legado utilizado. Verifique suas Definições no arquivo de configurações!
AVISO: [19/03/2019 01:01] - As definições foram recarregadas forçadamente
AVISO: [19/03/2019 01:01] - Valor 'typedb' não encontrado nas configurações! Valor legado utilizado. Verifique suas Definições no arquivo de configurações!
AVISO: [19/03/2019 01:02] - As definições foram recarregadas forçadamente
AVISO: [19/03/2019 01:02] - Valor 'typedb' não encontrado nas configurações! Valor legado utilizado. Verifique suas Definições no arquivo de configurações!
AVISO: [19/03/2019 01:02] - As definições foram recarregadas forçadamente
AVISO: [19/03/2019 01:02] - Valor 'typedb' não encontrado nas configurações! Valor legado utilizado. Verifique suas Definições no arquivo de configurações!
AVISO: [19/03/2019 01:02] - As definições foram recarregadas forçadamente
AVISO: [19/03/2019 01:02] - Valor 'typedb' não encontrado nas configurações! Valor legado utilizado. Verifique suas Definições no arquivo de configurações!
AVISO: [19/03/2019 01:02] - As definições foram recarregadas forçadamente
AVISO: [19/03/2019 01:02] - Valor 'typedb' não encontrado nas configurações! Valor legado utilizado. Verifique suas Definições no arquivo de configurações!
AVISO: [19/03/2019 01:03] - As definições foram recarregadas forçadamente
AVISO: [19/03/2019 01:03] - Valor 'typedb' não encontrado nas configurações! Valor legado utilizado. Verifique suas Definições no arquivo de configurações!
AVISO: [19/03/2019 01:03] - As definições foram recarregadas forçadamente
AVISO: [19/03/2019 01:03] - Valor 'typedb' não encontrado nas configurações! Valor legado utilizado. Verifique suas Definições no arquivo de configurações!
AVISO: [19/03/2019 01:03] - As definições foram recarregadas forçadamente
AVISO: [19/03/2019 01:03] - Valor 'typedb' não encontrado nas configurações! Valor legado utilizado. Verifique suas Definições no arquivo de configurações!
AVISO: [19/03/2019 01:03] - As definições foram recarregadas forçadamente
AVISO: [19/03/2019 01:03] - Valor 'typedb' não encontrado nas configurações! Valor legado utilizado. Verifique suas Definições no arquivo de configurações!
AVISO: [19/03/2019 01:04] - As definições foram recarregadas forçadamente
AVISO: [19/03/2019 01:04] - Valor 'typedb' não encontrado nas configurações! Valor legado utilizado. Verifique suas Definições no arquivo de configurações!
AVISO: [19/03/2019 01:04] - As definições foram recarregadas forçadamente
AVISO: [19/03/2019 01:04] - Valor 'typedb' não encontrado nas configurações! Valor legado utilizado. Verifique suas Definições no arquivo de configurações!
AVISO: [19/03/2019 01:04] - As definições foram recarregadas forçadamente
AVISO: [19/03/2019 01:04] - Valor 'typedb' não encontrado nas configurações! Valor legado utilizado. Verifique suas Definições no arquivo de configurações!
AVISO: [19/03/2019 01:05] - As definições foram recarregadas forçadamente
AVISO: [19/03/2019 01:05] - Valor 'typedb' não encontrado nas configurações! Valor legado utilizado. Verifique suas Definições no arquivo de configurações!
AVISO: [19/03/2019 01:06] - As definições foram recarregadas forçadamente
AVISO: [19/03/2019 01:06] - Valor 'typedb' não encontrado nas configurações! Valor legado utilizado. Verifique suas Definições no arquivo de configurações!
